<?xml version="1.0" encoding="UTF-8"?>
<!-- Generated by org.testng.reporters.JUnitXMLReporter -->
<testsuite ignored="0" hostname="LAPTOP-OQBK3O27" failures="0" tests="3" name="Default test" time="0.103" errors="0" timestamp="2022-05-20T17:48:55 IST">
  <testcase classname="com.testng.practice.TestNgAssertTest" name="practiceTest1" time="0.016"/>
  <testcase classname="com.testng.practice.TestNgAssertTest" name="practiceTest2" time="0.002"/>
  <testcase classname="com.testng.practice.TestNgAssertTest" name="practiceTest3" time="0.002"/>
</testsuite> <!-- Default test -->
