<?xml version="1.0" encoding="UTF-8"?>
<!-- Generated by org.testng.reporters.JUnitXMLReporter -->
<testsuite ignored="8" hostname="LAPTOP-OQBK3O27" failures="0" tests="5" name="frirefox" time="264.208" errors="0" timestamp="2022-05-20T14:57:09 IST">
  <testcase classname="com.vtiger.contacts.tiger.CreateContactTest" name="createContactTest" time="23.399"/>
  <testcase classname="com.vtiger.campaign.CreateCampaignNmaeWithProduct" name="createProdcutName" time="36.856"/>
  <testcase classname="com.vtiger.contacts.tiger.CreteContactWithOrganizationTest" name="createContactTest" time="37.178"/>
  <testcase classname="com.vtiger.organization.Test.CreateOrganizationWithIndustryTest" name="createOrganizationWithIndustry" time="19.071"/>
  <testcase classname="com.vtiger.organization.Test.CreateOrganizationTest" name="createOrganizationtest" time="16.953"/>
  <testcase classname="com.SDET34L1.genericUtility.BaseClass" name="@BeforeSuite beforesuite1Test" time="0.0">
    <ignored/>
  </testcase> <!-- @BeforeSuite beforesuite1Test -->
  <testcase classname="com.SDET34L1.genericUtility.BaseClass" name="@BeforeSuite beforesuite1Test" time="0.0">
    <ignored/>
  </testcase> <!-- @BeforeSuite beforesuite1Test -->
  <testcase classname="com.SDET34L1.genericUtility.BaseClass" name="@BeforeSuite beforesuite1Test" time="0.0">
    <ignored/>
  </testcase> <!-- @BeforeSuite beforesuite1Test -->
  <testcase classname="com.SDET34L1.genericUtility.BaseClass" name="@BeforeSuite beforesuite1Test" time="0.0">
    <ignored/>
  </testcase> <!-- @BeforeSuite beforesuite1Test -->
  <testcase classname="com.SDET34L1.genericUtility.BaseClass" name="@AfterSuite aftersuite1Test" time="0.0">
    <ignored/>
  </testcase> <!-- @AfterSuite aftersuite1Test -->
  <testcase classname="com.SDET34L1.genericUtility.BaseClass" name="@AfterSuite aftersuite1Test" time="0.0">
    <ignored/>
  </testcase> <!-- @AfterSuite aftersuite1Test -->
  <testcase classname="com.SDET34L1.genericUtility.BaseClass" name="@AfterSuite aftersuite1Test" time="0.0">
    <ignored/>
  </testcase> <!-- @AfterSuite aftersuite1Test -->
  <testcase classname="com.SDET34L1.genericUtility.BaseClass" name="@AfterSuite aftersuite1Test" time="0.0">
    <ignored/>
  </testcase> <!-- @AfterSuite aftersuite1Test -->
</testsuite> <!-- frirefox -->
