<?xml version="1.0" encoding="UTF-8"?>
<!-- Generated by org.testng.reporters.JUnitXMLReporter -->
<testsuite ignored="2" hostname="LAPTOP-OQBK3O27" failures="0" tests="2" name="Test" time="0.077" errors="0" timestamp="2022-05-20T10:26:23 IST">
  <testcase classname="com.testng.practice.TestNgPractice2Test" name="practice2Test" time="0.01"/>
  <testcase classname="com.testng.practice.TestNgPractice2Test" name="practice3Test" time="0.008"/>
  <testcase classname="com.testng.practice.TestNgPractice2Test" name="practice1Test" time="0.0">
    <ignored/>
  </testcase> <!-- practice1Test -->
  <testcase classname="com.testng.practice.TestNgPractice2Test" name="practice4Test" time="0.0">
    <ignored/>
  </testcase> <!-- practice4Test -->
</testsuite> <!-- Test -->
