<?xml version="1.0" encoding="UTF-8"?>
<testng-results ignored="0" total="3" passed="3" failed="0" skipped="0">
  <reporter-output>
    <line>
      <![CDATA[Practice1]]>
    </line>
    <line>
      <![CDATA[Practice2]]>
    </line>
    <line>
      <![CDATA[Practice3]]>
    </line>
  </reporter-output>
  <suite started-at="2022-05-20T17:48:55 IST" name="Default suite" finished-at="2022-05-20T17:48:55 IST" duration-ms="103">
    <groups>
    </groups>
    <test started-at="2022-05-20T17:48:55 IST" name="Default test" finished-at="2022-05-20T17:48:55 IST" duration-ms="103">
      <class name="com.testng.practice.TestNgAssertTest">
        <test-method signature="practiceTest1()[pri:0, instance:com.testng.practice.TestNgAssertTest@49c7b90e]" started-at="2022-05-20T17:48:55 IST" name="practiceTest1" finished-at="2022-05-20T17:48:55 IST" duration-ms="16" status="PASS">
          <reporter-output>
            <line>
              <![CDATA[Practice1]]>
            </line>
          </reporter-output>
        </test-method> <!-- practiceTest1 -->
        <test-method signature="practiceTest2()[pri:0, instance:com.testng.practice.TestNgAssertTest@49c7b90e]" started-at="2022-05-20T17:48:55 IST" name="practiceTest2" finished-at="2022-05-20T17:48:55 IST" duration-ms="2" status="PASS">
          <reporter-output>
            <line>
              <![CDATA[Practice2]]>
            </line>
          </reporter-output>
        </test-method> <!-- practiceTest2 -->
        <test-method signature="practiceTest3()[pri:0, instance:com.testng.practice.TestNgAssertTest@49c7b90e]" started-at="2022-05-20T17:48:55 IST" name="practiceTest3" finished-at="2022-05-20T17:48:55 IST" duration-ms="2" status="PASS">
          <reporter-output>
            <line>
              <![CDATA[Practice3]]>
            </line>
          </reporter-output>
        </test-method> <!-- practiceTest3 -->
      </class> <!-- com.testng.practice.TestNgAssertTest -->
    </test> <!-- Default test -->
  </suite> <!-- Default suite -->
</testng-results>
